[DEBUG] | homepage.py:6 | Searching...
[DEBUG] | homepage.py:6 | Searching...
[DEBUG] | homepage.py:6 | Searching...
[DEBUG] | homepage.py:6 | Searching...
[DEBUG] | homepage.py:6 | Searching...
[DEBUG] | homepage.py:12 | ['__class__', '__delattr__', '__dict__', '__dir__', '__doc__', '__eq__', '__format__', '__ge__', '__getattribute__', '__getstate__', '__gt__', '__hash__', '__init__', '__init_subclass__', '__le__', '__lt__', '__module__', '__ne__', '__new__', '__reduce__', '__reduce_ex__', '__repr__', '__setattr__', '__sizeof__', '__str__', '__subclasshook__', '__weakref__', 'control', 'data', 'name', 'page', 'target']
[DEBUG] | homepage.py:12 | ['__add__', '__class__', '__contains__', '__delattr__', '__dir__', '__doc__', '__eq__', '__format__', '__ge__', '__getattribute__', '__getitem__', '__getnewargs__', '__getstate__', '__gt__', '__hash__', '__init__', '__init_subclass__', '__iter__', '__le__', '__len__', '__lt__', '__mod__', '__mul__', '__ne__', '__new__', '__reduce__', '__reduce_ex__', '__repr__', '__rmod__', '__rmul__', '__setattr__', '__sizeof__', '__str__', '__subclasshook__', 'capitalize', 'casefold', 'center', 'count', 'encode', 'endswith', 'expandtabs', 'find', 'format', 'format_map', 'index', 'isalnum', 'isalpha', 'isascii', 'isdecimal', 'isdigit', 'isidentifier', 'islower', 'isnumeric', 'isprintable', 'isspace', 'istitle', 'isupper', 'join', 'ljust', 'lower', 'lstrip', 'maketrans', 'partition', 'removeprefix', 'removesuffix', 'replace', 'rfind', 'rindex', 'rjust', 'rpartition', 'rsplit', 'rstrip', 'split', 'splitlines', 'startswith', 'strip', 'swapcase', 'title', 'translate', 'upper', 'zfill']
[DEBUG] | homepage.py:12 | potato
[DEBUG] | homepage.py:12 | 
[DEBUG] | homepage.py:12 | src/
[DEBUG] | search.py:17 | .git
[DEBUG] | search.py:17 | .gitignore
[DEBUG] | search.py:17 | .logit
[DEBUG] | search.py:17 | .pre-commit-config.yaml
[DEBUG] | search.py:17 | app.log
[DEBUG] | search.py:17 | assets
[DEBUG] | search.py:17 | commit.py
[DEBUG] | search.py:17 | LICENSE
[DEBUG] | search.py:17 | logit
[DEBUG] | search.py:17 | output
[DEBUG] | search.py:17 | README.md
[DEBUG] | search.py:17 | setup.py
[DEBUG] | search.py:17 | structured-app.csv
[DEBUG] | search.py:17 | structured-app.json
[DEBUG] | search.py:17 | structured-app.xml
[DEBUG] | search.py:17 | .git
[DEBUG] | search.py:17 | .gitignore
[DEBUG] | search.py:17 | .logit
[DEBUG] | search.py:17 | .pre-commit-config.yaml
[DEBUG] | search.py:17 | app.log
[DEBUG] | search.py:17 | assets
[DEBUG] | search.py:17 | commit.py
[DEBUG] | search.py:17 | LICENSE
[DEBUG] | search.py:17 | logit
[DEBUG] | search.py:17 | output
[DEBUG] | search.py:17 | README.md
[DEBUG] | search.py:17 | setup.py
[DEBUG] | search.py:17 | structured-app.csv
[DEBUG] | search.py:17 | structured-app.json
[DEBUG] | search.py:17 | structured-app.xml
[DEBUG] | search.py:17 | COMMIT_EDITMSG
[DEBUG] | search.py:17 | config
[DEBUG] | search.py:17 | description
[DEBUG] | search.py:17 | FETCH_HEAD
[DEBUG] | search.py:17 | HEAD
[DEBUG] | search.py:17 | hooks
[DEBUG] | search.py:17 | index
[DEBUG] | search.py:17 | info
[DEBUG] | search.py:17 | logs
[DEBUG] | search.py:17 | objects
[DEBUG] | search.py:17 | packed-refs
[DEBUG] | search.py:17 | refs
[DEBUG] | search.py:17 | applypatch-msg.sample
[DEBUG] | search.py:17 | commit-msg.sample
[DEBUG] | search.py:17 | fsmonitor-watchman.sample
[DEBUG] | search.py:17 | post-update.sample
[DEBUG] | search.py:17 | pre-applypatch.sample
[DEBUG] | search.py:17 | pre-commit.sample
[DEBUG] | search.py:17 | pre-merge-commit.sample
[DEBUG] | search.py:17 | pre-push.sample
[DEBUG] | search.py:17 | pre-rebase.sample
[DEBUG] | search.py:17 | pre-receive.sample
[DEBUG] | search.py:17 | prepare-commit-msg.sample
[DEBUG] | search.py:17 | push-to-checkout.sample
[DEBUG] | search.py:17 | update.sample
[DEBUG] | search.py:17 | exclude
[DEBUG] | search.py:17 | HEAD
[DEBUG] | search.py:17 | refs
[DEBUG] | search.py:17 | heads
[DEBUG] | search.py:17 | remotes
[DEBUG] | search.py:17 | dev
[DEBUG] | search.py:17 | main
[DEBUG] | search.py:17 | origin
[DEBUG] | search.py:17 | dev
[DEBUG] | search.py:17 | gh-pages
[DEBUG] | search.py:17 | HEAD
[DEBUG] | search.py:17 | main
[DEBUG] | search.py:17 | 00
[DEBUG] | search.py:17 | 01
[DEBUG] | search.py:17 | 02
[DEBUG] | search.py:17 | 03
[DEBUG] | search.py:17 | 04
[DEBUG] | search.py:17 | 06
[DEBUG] | search.py:17 | 07
[DEBUG] | search.py:17 | 08
[DEBUG] | search.py:17 | 09
[DEBUG] | search.py:17 | 0c
[DEBUG] | search.py:17 | 0d
[DEBUG] | search.py:17 | 0e
[DEBUG] | search.py:17 | 0f
[DEBUG] | search.py:17 | 11
[DEBUG] | search.py:17 | 12
[DEBUG] | search.py:17 | 13
[DEBUG] | search.py:17 | 14
[DEBUG] | search.py:17 | 16
[DEBUG] | search.py:17 | 17
[DEBUG] | search.py:17 | 19
[DEBUG] | search.py:17 | 1b
[DEBUG] | search.py:17 | 1e
[DEBUG] | search.py:17 | 20
[DEBUG] | search.py:17 | 21
[DEBUG] | search.py:17 | 22
[DEBUG] | search.py:17 | 23
[DEBUG] | search.py:17 | 26
[DEBUG] | search.py:17 | 28
[DEBUG] | search.py:17 | 2a
[DEBUG] | search.py:17 | 2b
[DEBUG] | search.py:17 | 2c
[DEBUG] | search.py:17 | 2d
[DEBUG] | search.py:17 | 2e
[DEBUG] | search.py:17 | 31
[DEBUG] | search.py:17 | 32
[DEBUG] | search.py:17 | 33
[DEBUG] | search.py:17 | 34
[DEBUG] | search.py:17 | 38
[DEBUG] | search.py:17 | 3a
[DEBUG] | search.py:17 | 3b
[DEBUG] | search.py:17 | 3d
[DEBUG] | search.py:17 | 3e
[DEBUG] | search.py:17 | 3f
[DEBUG] | search.py:17 | 41
[DEBUG] | search.py:17 | 42
[DEBUG] | search.py:17 | 43
[DEBUG] | search.py:17 | 46
[DEBUG] | search.py:17 | 47
[DEBUG] | search.py:17 | 49
[DEBUG] | search.py:17 | 4a
[DEBUG] | search.py:17 | 4b
[DEBUG] | search.py:17 | 4c
[DEBUG] | search.py:17 | 4d
[DEBUG] | search.py:17 | 4e
[DEBUG] | search.py:17 | 4f
[DEBUG] | search.py:17 | 51
[DEBUG] | search.py:17 | 52
[DEBUG] | search.py:17 | 54
[DEBUG] | search.py:17 | 55
[DEBUG] | search.py:17 | 56
[DEBUG] | search.py:17 | 58
[DEBUG] | search.py:17 | 5a
[DEBUG] | search.py:17 | 5c
[DEBUG] | search.py:17 | 5d
[DEBUG] | search.py:17 | 5f
[DEBUG] | search.py:17 | 60
[DEBUG] | search.py:17 | 64
[DEBUG] | search.py:17 | 65
[DEBUG] | search.py:17 | 66
[DEBUG] | search.py:17 | 67
[DEBUG] | search.py:17 | 68
[DEBUG] | search.py:17 | 69
[DEBUG] | search.py:17 | 6a
[DEBUG] | search.py:17 | 6c
[DEBUG] | search.py:17 | 6d
[DEBUG] | search.py:17 | 6e
[DEBUG] | search.py:17 | 6f
[DEBUG] | search.py:17 | 70
[DEBUG] | search.py:17 | 75
[DEBUG] | search.py:17 | 76
[DEBUG] | search.py:17 | 78
[DEBUG] | search.py:17 | 79
[DEBUG] | search.py:17 | 7a
[DEBUG] | search.py:17 | 7b
[DEBUG] | search.py:17 | 7d
[DEBUG] | search.py:17 | 7e
[DEBUG] | search.py:17 | 7f
[DEBUG] | search.py:17 | 82
[DEBUG] | search.py:17 | 83
[DEBUG] | search.py:17 | 84
[DEBUG] | search.py:17 | 85
[DEBUG] | search.py:17 | 86
[DEBUG] | search.py:17 | 87
[DEBUG] | search.py:17 | 8b
[DEBUG] | search.py:17 | 8c
[DEBUG] | search.py:17 | 8d
[DEBUG] | search.py:17 | 8e
[DEBUG] | search.py:17 | 8f
[DEBUG] | search.py:17 | 90
[DEBUG] | search.py:17 | 92
[DEBUG] | search.py:17 | 93
[DEBUG] | search.py:17 | 94
[DEBUG] | search.py:17 | 96
[DEBUG] | search.py:17 | 97
[DEBUG] | search.py:17 | 9d
[DEBUG] | search.py:17 | 9f
[DEBUG] | search.py:17 | a0
[DEBUG] | search.py:17 | a1
[DEBUG] | search.py:17 | a2
[DEBUG] | search.py:17 | a3
[DEBUG] | search.py:17 | a4
[DEBUG] | search.py:17 | a5
[DEBUG] | search.py:17 | a7
[DEBUG] | search.py:17 | a8
[DEBUG] | search.py:17 | a9
[DEBUG] | search.py:17 | aa
[DEBUG] | search.py:17 | ab
[DEBUG] | search.py:17 | ac
[DEBUG] | search.py:17 | ad
[DEBUG] | search.py:17 | ae
[DEBUG] | search.py:17 | af
[DEBUG] | search.py:17 | b0
[DEBUG] | search.py:17 | b2
[DEBUG] | search.py:17 | b5
[DEBUG] | search.py:17 | b7
[DEBUG] | search.py:17 | b8
[DEBUG] | search.py:17 | b9
[DEBUG] | search.py:17 | bc
[DEBUG] | search.py:17 | bd
[DEBUG] | search.py:17 | be
[DEBUG] | search.py:17 | c0
[DEBUG] | search.py:17 | c1
[DEBUG] | search.py:17 | c2
[DEBUG] | search.py:17 | c4
[DEBUG] | search.py:17 | c5
[DEBUG] | search.py:17 | c6
[DEBUG] | search.py:17 | c8
[DEBUG] | search.py:17 | c9
[DEBUG] | search.py:17 | ca
[DEBUG] | search.py:17 | cc
[DEBUG] | search.py:17 | ce
[DEBUG] | search.py:17 | cf
[DEBUG] | search.py:17 | d1
[DEBUG] | search.py:17 | d2
[DEBUG] | search.py:17 | d3
[DEBUG] | search.py:17 | d5
[DEBUG] | search.py:17 | d8
[DEBUG] | search.py:17 | d9
[DEBUG] | search.py:17 | db
[DEBUG] | search.py:17 | de
[DEBUG] | search.py:17 | e0
[DEBUG] | search.py:17 | e1
[DEBUG] | search.py:17 | e2
[DEBUG] | search.py:17 | e4
[DEBUG] | search.py:17 | e5
[DEBUG] | search.py:17 | ea
[DEBUG] | search.py:17 | eb
[DEBUG] | search.py:17 | ed
[DEBUG] | search.py:17 | ef
[DEBUG] | search.py:17 | f1
[DEBUG] | search.py:17 | f4
[DEBUG] | search.py:17 | f7
[DEBUG] | search.py:17 | f9
[DEBUG] | search.py:17 | fa
[DEBUG] | search.py:17 | fb
[DEBUG] | search.py:17 | fc
[DEBUG] | search.py:17 | fd
[DEBUG] | search.py:17 | fe
[DEBUG] | search.py:17 | ff
[DEBUG] | search.py:17 | info
[DEBUG] | search.py:17 | pack
[DEBUG] | search.py:17 | 9a5eeb09491911eb9ba6a253c054588e8f4051
[DEBUG] | search.py:17 | 7c62f6e96cd05d63b7e9aafb04b89e0f30252f
[DEBUG] | search.py:17 | 653b6b71bb5e0563d364b8af2378854d71e4a3
[DEBUG] | search.py:17 | c6400debd67e35bba7cf6b3b185178c7bb481a
[DEBUG] | search.py:17 | d84072bec8097e371202e3d2ede42145fb6a9e
[DEBUG] | search.py:17 | fff75484f3948a36bb3085c9e611f38bffc3d6
[DEBUG] | search.py:17 | 54f836f33feb0fe4d479a2a48e432449ec135c
[DEBUG] | search.py:17 | 4f425e11e47fd8194d4aaa492526cb1f0f7915
[DEBUG] | search.py:17 | a796c581f9f4d953c386eed079f158fd9430b5
[DEBUG] | search.py:17 | 040017a18ce3b74c8ec439c532dd5650999080
[DEBUG] | search.py:17 | 351d8c80f3299adc988d8c5bd2252832387ae7
[DEBUG] | search.py:17 | a64f20b27664663e23ca013d614b4b0d42732b
[DEBUG] | search.py:17 | 8bff70b44330300b9a47105186b0d1f4ba774c
[DEBUG] | search.py:17 | 4981240055d02866240211098a3d83fca66d97
[DEBUG] | search.py:17 | 2f7f5ac69c0c7aba1463a601e760a25f7fcc1b
[DEBUG] | search.py:17 | b8cc21a46e48d5267edab20103a705d69e6eb7
[DEBUG] | search.py:17 | 7ec4329ef0fc4c49af6c9b4ce9b458e160dae4
[DEBUG] | search.py:17 | 6ff51022f3b2cd2711f3f0d21307f412cf52a6
[DEBUG] | search.py:17 | c3a79cb8aa375f5021b8059e9846f90942257a
[DEBUG] | search.py:17 | c9ab540d286d0119d11b8553115dfaeba75414
[DEBUG] | search.py:17 | 8d2df64f8eebbd96facc6819b687c47758c2bc
[DEBUG] | search.py:17 | 912a8a12f246f5b572fc0348f8251488517370
[DEBUG] | search.py:17 | 34a30026696e4fc2706256b7c80850693daa47
[DEBUG] | search.py:17 | 60e118f8f5f7fe976488705595ad26928afdb3
[DEBUG] | search.py:17 | 66d790f60481eeeb86398e7450e2acccbd390b
[DEBUG] | search.py:17 | 714d13168d6a1d7c95a9e3bf9e0aa8a24b448c
[DEBUG] | search.py:17 | eb435bccb9ab33ba3ff31d60b87b0489d07b36
[DEBUG] | search.py:17 | 6525c7ad4c162b2d1a8ab7969f5d91c1fed6ee
[DEBUG] | search.py:17 | b8d56db6191e71722f017f142c25d7936232cc
[DEBUG] | search.py:17 | 1ff6e934434ce8a0508d4183a382463e2eb665
[DEBUG] | search.py:17 | 55c3f079f99052fdefbcc75df5ebaaba0ef0e7
[DEBUG] | search.py:17 | 22bad195e5f3ed3ab6a9b722be441d85e8336b
[DEBUG] | search.py:17 | 8ae09bd4419c4c9272597736a8f34d034098d2
[DEBUG] | search.py:17 | 4f6b4524372cb21850ecadd5afd476e37ef2c2
[DEBUG] | search.py:17 | 83c8977a46e38ebd150c4195d61cbf52983024
[DEBUG] | search.py:17 | cb1cd9d6f307671fc1d37b13911080a7bad63d
[DEBUG] | search.py:17 | a4606754fa0c115d998f30456af8be97f9713c
[DEBUG] | search.py:17 | c7608635435234d39047d399d6d4e229b855fa
[DEBUG] | search.py:17 | 4574e7259567cccded9f971b8ad82467093e23
[DEBUG] | search.py:17 | 072978e3264c58ba67cff705ab6a2e0ae3531e
[DEBUG] | search.py:17 | dd542c4184774644a271bd33d53b0591f1f5cd
[DEBUG] | search.py:17 | 733ba5e2465248eedf78e7ed7301020f995ecf
[DEBUG] | search.py:17 | a91b28e8d444196b9ae88a43a729464f52064a
[DEBUG] | search.py:17 | c2127e5632176eea03482c7aa298d030debf12
[DEBUG] | search.py:17 | 24a44bc4a4d3b8bd2442984bc9cb11a0080caf
[DEBUG] | search.py:17 | 327a2a77aee16e2813293f5924d9ad3e4d38ab
[DEBUG] | search.py:17 | 8fae67ba4a4bc0458a0267fded364974b7dd26
[DEBUG] | search.py:17 | 2c049534a3f70cca7d14e756735c32ac72c844
[DEBUG] | search.py:17 | f83f0a721d440f5112be61ea198aab820cd799
[DEBUG] | search.py:17 | 02d79d78de6508c85b4457ada63ec026aaa086
[DEBUG] | search.py:17 | 54549e1d129e79ac5e29b055a0e06d3e65a72f
[DEBUG] | search.py:17 | f45ea03007fc24aa7872a67c4148bf45d44685
[DEBUG] | search.py:17 | 6175da4c042a1b7633662c90b29afdecd87db6
[DEBUG] | search.py:17 | ac51b37e2ecdc148a5a72e9541cddae6d29297
[DEBUG] | search.py:17 | e903d1d37535d5444ad1603eaff03b3386bf33
[DEBUG] | search.py:17 | 99a1105214f4ebb947a357a06d4d11266db74e
[DEBUG] | search.py:17 | 2f2f5d5b025f4b4fda87f96026503a1d12ebf0
[DEBUG] | search.py:17 | e568db7802874523fd56c67ed6f72e64c9d9c4
[DEBUG] | search.py:17 | 413184fde22e97b124f4d964c5feb68493858f
[DEBUG] | search.py:17 | 21eab6ca79c0af00eff0856720e55ce2d8e902
[DEBUG] | search.py:17 | 6a87d651068a9918676490165ddb8d25a307e2
[DEBUG] | search.py:17 | bbec129b5598e2b2c66b69e86dbff32b75836e
[DEBUG] | search.py:17 | be9c0e67316ad2728652876b50664ba3f13f86
[DEBUG] | search.py:17 | 2eeb12ed248445b1c5b620350e06bcf72eb66a
[DEBUG] | search.py:17 | d817b4498c337e1601ec10391c9ff4d6c7960e
[DEBUG] | search.py:17 | a970c035748207982893bd30f71b21507b9c7c
[DEBUG] | search.py:17 | c4de6f99c4effcbd7a01d2824544c21c8f3550
[DEBUG] | search.py:17 | d129a4f587019ff3bc2fb7a90f7c0756ce77f3
[DEBUG] | search.py:17 | 9820e72caaf53e07b4fe4e9eee9b8d53cb4fe1
[DEBUG] | search.py:17 | 46895e5dee0d43373c8d04ee9ad02b0153c0b3
[DEBUG] | search.py:17 | 6518311b9a07e1fadf1b75e8ab5a6ac84d69cb
[DEBUG] | search.py:17 | c2edfb5f09f9d0d2ace028ac23c55949eb0159
[DEBUG] | search.py:17 | ec99a3af7591a5a11b0391d673dbf09683c4b0
[DEBUG] | search.py:17 | 5137d48b0cb08793b2cb4c0382f068bb0dd5e6
[DEBUG] | search.py:17 | e3fa48e3eb21b1a523286daca10206d50f4c8e
[DEBUG] | search.py:17 | 83613e48e26774c3ef4956b4046f1b64941f8b
[DEBUG] | search.py:17 | 669702164cb81af944223d599fd150dd92a50d
[DEBUG] | search.py:17 | 9e91ba1be9efa0e886586dea1e3d6d2bc8d7aa
[DEBUG] | search.py:17 | 8ae59fce04f93128aa272aacab556ee33db372
[DEBUG] | search.py:17 | 20fc7a24c230ba14a3c21fcee5c91991881303
[DEBUG] | search.py:17 | d5873f8ec413ba2190554bd03dacefd6c256c0
[DEBUG] | search.py:17 | fb078cc3a5c371d125302ec94cd3b70ae219e2
[DEBUG] | search.py:17 | d922eed98ca891f51ee5c7ee19cf1978dbbfbe
[DEBUG] | search.py:17 | 63927a1bfe55c5a21bf0fb6f1ad752b311c6f9
[DEBUG] | search.py:17 | 3afd5bf61baa5896971ed2bc3187594ad3d010
[DEBUG] | search.py:17 | 825dc642cb6eb9a060e54bf8d69288fbee4904
[DEBUG] | search.py:17 | 0d61c144e335a0d178e90dc49095d8c9ce4617
[DEBUG] | search.py:17 | bec54e575715b2a0384c6793fc5208313c6d95
[DEBUG] | search.py:17 | 274145088b174101b4822af3ae5114add2b4db
[DEBUG] | search.py:17 | 5ab2103340f24c6eb93773f92cdff773dff31f
[DEBUG] | search.py:17 | 77b847afa4043f00ce8f7fb321b58dc7a9cbfc
[DEBUG] | search.py:17 | 7bcdab5f36273c9f2396ab04b76dcee983e3a4
[DEBUG] | search.py:17 | bc22517a8dfa9354ec64e0cd0adc2432740b2e
[DEBUG] | search.py:17 | df523cc9567ab6d57144a35c2a3276fb2e8ba4
[DEBUG] | search.py:17 | 7916e13653d49944b495a25ef439f4892830ea
[DEBUG] | search.py:17 | 95ae299b0c36daf1e12634b62bd06db0fd4cb4
[DEBUG] | search.py:17 | d770e52d03bae9b1d712783cca6c53083727f0
[DEBUG] | search.py:17 | 19d284b2f09834d75bc888d4b9c85c43816b9d
[DEBUG] | search.py:17 | e4d74fcc9c26b08a3d9cbd79fd5470d5aae791
[DEBUG] | search.py:17 | bb591ccba5732f78f39f5144e4a99d8d2cfdad
[DEBUG] | search.py:17 | e721dd070ef0dff6b2153c32ba270c5d3b9c7d
[DEBUG] | search.py:17 | 08e5ca55576742874b19e09a9449b794bb95d1
[DEBUG] | search.py:17 | 16fae16f8bd92c15c7007e52e9e4bfa606f401
[DEBUG] | search.py:17 | 2cd30fd99534d8e7e4b08413e1913d63456f50
[DEBUG] | search.py:17 | 9609b1a7d251fa175f9406e77cf61f840a3358
[DEBUG] | search.py:17 | da8a2148201a7583747b8bd7ac60f1dc4302cc
[DEBUG] | search.py:17 | 971572854bd8e78d1ac84b77ea47765c067167
[DEBUG] | search.py:17 | 17b99e98d680761b16605dc04657dbd1ad5521
[DEBUG] | search.py:17 | 831c74e9ad00fa711d03bb7fecc8e904219e1e
[DEBUG] | search.py:17 | 4e904e421c8b95f1563afcb11ce9ad4360a006
[DEBUG] | search.py:17 | 57270d04b4af7cabd136d06d70ed822ecfbf1e
[DEBUG] | search.py:17 | b8c7a33a87bc276987c6f96830dc9b68e9dbd6
[DEBUG] | search.py:17 | cc6f79010b41cd96f84ff0250c781ad80a1d82
[DEBUG] | search.py:17 | 0a8eb832709a1d9caa0a67420f56ba45042629
[DEBUG] | search.py:17 | 1577a55823c0aefd17fb7e4b6a1f7bf6e5b253
[DEBUG] | search.py:17 | b4bac0e553b5eb6802c8fa09a5fc6601c456f3
[DEBUG] | search.py:17 | cdc3961ebf5b10213f6d49816e9c487668ed41
[DEBUG] | search.py:17 | e271e198f37c7588c84d1ebfb5c39c95f8e497
[DEBUG] | search.py:17 | f6938a30f867554242040f6c75db5bc3bb4892
[DEBUG] | search.py:17 | 54a48d2701612184a70c11b1278357c02252d6
[DEBUG] | search.py:17 | 9127b88829bce84bb0bca348d8377a2a8d8c2f
[DEBUG] | search.py:17 | 19e6a4191b817ba7617d86c640067551d7f027
[DEBUG] | search.py:17 | 413cc9cfcb6bb8c14192f8bffc3438e088d976
[DEBUG] | search.py:17 | 59e4900d6067d04c56b59b2bc4da8b22dc9369
[DEBUG] | search.py:17 | 633c3040d6ce98625d6a14c2386142b3229387
[DEBUG] | search.py:17 | 37419c0e3caf4a25fc5bf06c672410b05c70f9
[DEBUG] | search.py:17 | 0d115f1b66a52304578ca817ef3c758e90140c
[DEBUG] | search.py:17 | e050b780f8a5108c4fe0920d14a37d2f0ee52f
[DEBUG] | search.py:17 | 4ff7708211988c37ef1f51992d887f983a9ea0
[DEBUG] | search.py:17 | dd8fcb8ec556cb51c34cfccd453d2e0710d78b
[DEBUG] | search.py:17 | 1a0c76903973e71af1b270409963d95d779db4
[DEBUG] | search.py:17 | a5e1cd880cb980e81684c73fbcf71213bfa043
[DEBUG] | search.py:17 | 3cc8e054647e301759c05e45473abca4950731
[DEBUG] | search.py:17 | 0d494f3090d40d039ec645516c81417eb92334
[DEBUG] | search.py:17 | 53c1ddc98534fd8fd7fda0b0cc594725344d45
[DEBUG] | search.py:17 | 59091ba977f1af9fe14e5d89330a45cc33d88d
[DEBUG] | search.py:17 | 7d004db3284177458fd7a980194438293a8a0e
[DEBUG] | search.py:17 | df892e643053f3c918932528cda1e05939afd3
[DEBUG] | search.py:17 | 114f97d62bda524893a1d54258117cf98a0e4b
[DEBUG] | search.py:17 | 7c9cc10df7d6de72e85bf552783f4ed389d58b
[DEBUG] | search.py:17 | 4760d8829b89f92153ac349dec4d5a32de825a
[DEBUG] | search.py:17 | a45006150cd886868060bcf51e1ab9ca663494
[DEBUG] | search.py:17 | 0d48dab8b236549c23077797eee1c8cf4d8ad9
[DEBUG] | search.py:17 | 67389033bc5ee43faa803316e8dc0b190749d6
[DEBUG] | search.py:17 | e44b869b174c21d61d331a73a9a0d574aae85f
[DEBUG] | search.py:17 | fbfe01fd913dfde6b2c8f585eb0487b98707dc
[DEBUG] | search.py:17 | 862aa81432aa527997968d73042628f5d264e0
[DEBUG] | search.py:17 | fee21c79fad0062300ddd0935a1f1784e78164
[DEBUG] | search.py:17 | 4a45f81aae2e531621f83d7278ad66e63e94e8
[DEBUG] | search.py:17 | a5be8ba2214eaff7475ba33426f7b217b6228c
[DEBUG] | search.py:17 | 27f5009bfc4aeecd2c00c0af169925942a464f
[DEBUG] | search.py:17 | 9a7a3796e60a5a1b63876dc3c8a2332cefafc5
[DEBUG] | search.py:17 | 21820604164123108d13f8b52de9527a67bae7
[DEBUG] | search.py:17 | 395b4f258ddb564ac0f3d8d230e55df34c88fc
[DEBUG] | search.py:17 | 33087edea04a9b2c571b3bffc15a5c9e46ccbd
[DEBUG] | search.py:17 | 68c449c0fb85886614340efd21475ab74a237a
[DEBUG] | search.py:17 | fb5cf4c74de2612cc4f0c6e80616e753ff6535
[DEBUG] | search.py:17 | 7d58088326aac540c77c32d60d524362944e4f
[DEBUG] | search.py:17 | ebeba1fd3c36856e4bcf158bea7cd178a33e33
[DEBUG] | search.py:17 | 1350567e34320cb748103dfc6414da97ae55a1
[DEBUG] | search.py:17 | ac9713c037617385e2ac7c5b69ac3cd1d8cd7f
[DEBUG] | search.py:17 | da1ea6d6392769693d0e0320bdf2e89fb77591
[DEBUG] | search.py:17 | d4cc595b247166878184153ea7f494952dfeaa
[DEBUG] | search.py:17 | fcb6e5b84efc4189be5b1416ee70b1f562b012
[DEBUG] | search.py:17 | 58b7588e2ddf83be3733ae3e2bf4b6c9527f0c
[DEBUG] | search.py:17 | c7dc1d09feee6f1a279951c07f6439ade0c391
[DEBUG] | search.py:17 | c97da0ed8d1ff6033f68924684e6489d5db620
[DEBUG] | search.py:17 | e9b71de2b4d9257472622d56d3cc2a9d6feff8
[DEBUG] | search.py:17 | 7495f48e992e2bee2442df8bbb05479d00436b
[DEBUG] | search.py:17 | 75678f65d7b5ee68a531b5befc59cd6648f494
[DEBUG] | search.py:17 | 7830609f3d07818edb5861860c2e4003b097d4
[DEBUG] | search.py:17 | 0164948e73b7844ef3323e8429a215ab0ebd66
[DEBUG] | search.py:17 | 9db2f4de1719b1fb289b1470a2790a703d546c
[DEBUG] | search.py:17 | 536770df20aeef582e990c0a8234bbc598ded7
[DEBUG] | search.py:17 | 39053e1b96a5dccbeb72b07e4434ba41c1e7ef
[DEBUG] | search.py:17 | 2cb57b6563f4990f478f3e6762f4183895b539
[DEBUG] | search.py:17 | dc54050d3d875cb5aa8e9e0b4ee18e8569eb3c
[DEBUG] | search.py:17 | cb6f2ce854325aeccac41b709ef538671f15b0
[DEBUG] | search.py:17 | b6d20a4131ec61cbbd5869bf60c2d9901db642
[DEBUG] | search.py:17 | 033d64d0b601578a04b939e7161b8ec08d3c5b
[DEBUG] | search.py:17 | 26e7a37a3e9aee57670bcfbec2f07779b251cf
[DEBUG] | search.py:17 | cb6595f5bb865c8d2f0bd8f8e97b2fc04517a0
[DEBUG] | search.py:17 | d207e317f9456f7b7a138cb3f556244fb4aebd
[DEBUG] | search.py:17 | 471964c49eccc4f39ad441c5507752f646d46f
[DEBUG] | search.py:17 | 191d2d25d5d1157907c5b4e522bbfb74b9af5f
[DEBUG] | search.py:17 | 70ace9ff30bdd2ade11657563f479a5411dc72
[DEBUG] | search.py:17 | 41c1fdcb80c0c9a6678a77df0b32f317888a83
[DEBUG] | search.py:17 | 18f1a976d38600105332565355aface2fc64b0
[DEBUG] | search.py:17 | da63731c1888dadb1607b608c05dfd1a3fc4f4
[DEBUG] | search.py:17 | 5d8ae45e99d61766ccdbc7a1daf1ca9f0004c5
[DEBUG] | search.py:17 | b57dbf3e54efd725f8d6a997d536c2f311e1b7
[DEBUG] | search.py:17 | 181c4f4539ba7bacc7c57788530d6588ca74aa
[DEBUG] | search.py:17 | e3ea457564bc55f15c85ac487da17e22bdbc36
[DEBUG] | search.py:17 | 98a3725e3e5c5ef0de3d7fe7f9542312a05b47
[DEBUG] | search.py:17 | c59bec0681b1878a52545d6f7443905fa3fb8a
[DEBUG] | search.py:17 | 4c269e7e5c5e64bed60029ec171327b9f64d14
[DEBUG] | search.py:17 | 1a3c5ab04605f7e1369f3636354ea44f1c64ad
[DEBUG] | search.py:17 | 78fa1342ef309eb06e00102a70fb57be8969c4
[DEBUG] | search.py:17 | 54c0ff23a1334019485bec5935284d9f341a11
[DEBUG] | search.py:17 | 72d9f6de6b4b250f5df00f68720408eb199448
[DEBUG] | search.py:17 | bfc3def8a06a0677b7760c7225aca5e72abbe9
[DEBUG] | search.py:17 | dada5cca92319b2105004d87f98e2e51ee152f
[DEBUG] | search.py:17 | 0ddcd654dddd67490c5620b32ed4944ac447d6
[DEBUG] | search.py:17 | 1330dacdd9dcf7b099741a78b12300c2dfacd2
[DEBUG] | search.py:17 | c0957ea9832c4e6dde88e33dbd3054e25cca31
[DEBUG] | search.py:17 | 87f205e6fbef76065cfed4009c99ac9e1464c5
[DEBUG] | search.py:17 | d00a9568150019ddcd029e8b6e817ccb7df60e
[DEBUG] | search.py:17 | ddefea3f9c66d8f3d587bb23293112c5b49565
[DEBUG] | search.py:17 | 207e0675f1c393be3f94ae08afc6d415c05c32
[DEBUG] | search.py:17 | 83a6f2f7b083926681da2a2d9da165cab921d0
[DEBUG] | search.py:17 | 996f6a3ac200fad8cf8fa2b5b7824b4da08fa5
[DEBUG] | search.py:17 | 231509cb001223cc387a7dfd70c0645baab3a3
[DEBUG] | search.py:17 | e1c6f7afaab82562322ff4757e2675448d393b
[DEBUG] | search.py:17 | 4a1b1c2e9e7d5a433a4d22f6d2a672a751c154
[DEBUG] | search.py:17 | 7a0eb718d4f1afa72437503cc3808d3d5ea3eb
[DEBUG] | search.py:17 | 3fc69fa7725e99a0e32f880e8ed64e7e940db0
[DEBUG] | search.py:17 | 74870d13bea8edf98440fce0ae5a34b9f40996
[DEBUG] | search.py:17 | fae029aeef2d893c03363dfdfe94d5002dd66e
[DEBUG] | search.py:17 | 009a3ac7641859f20d05ab6a06057ef0f66f26
[DEBUG] | search.py:17 | 7ff12104c82fe23d353cd42790830e18571ce4
[DEBUG] | search.py:17 | 74467225df3cadd6f066663b854944aef17a0f
[DEBUG] | search.py:17 | aba47961d87bbb33a6a54869f8c96234c6cebc
[DEBUG] | search.py:17 | ea163488becde4dcf3bcf428ce44624f89fd46
[DEBUG] | search.py:17 | f7d3d71c63cea94d6f963cde81bd318d16f729
[DEBUG] | search.py:17 | 660cd9e36d68d426847ca2425b0ff931d7d87b
[DEBUG] | search.py:17 | 96ea84cbc352414f11e171666d7144fdfd8cfe
[DEBUG] | search.py:17 | 0a491fe4fd413180680c6debc8adba0cd24a98
[DEBUG] | search.py:17 | 74db601fdc20b24c96ca067878ab496bd96e99
[DEBUG] | search.py:17 | 06027dd79a382904c10c7934e94abf575916e2
[DEBUG] | search.py:17 | 7096bcb421d7c9d169cbc5bb1fffbe35d48e5e
[DEBUG] | search.py:17 | a9388b7ca201983779d0d744359a118812a47d
[DEBUG] | search.py:17 | 45fe0752a6e9739af18033c1a283b8fbe8c555
[DEBUG] | search.py:17 | 4c8b463f0a114b9abcb6fad540a84010ce7d47
[DEBUG] | search.py:17 | 82e5729e3914cd5a20e2c5776876c08f3a83aa
[DEBUG] | search.py:17 | 618f5f13f8af3dd92bc4d002e4dc7dd72dc8b7
[DEBUG] | search.py:17 | b754e587d50c507347376033c2ea6de2a30163
[DEBUG] | search.py:17 | d701ff2c879c400531b50d056eafb9d643dc75
[DEBUG] | search.py:17 | d443528368c7b71ac1e68fc60f3fde883e8f77
[DEBUG] | search.py:17 | 80a15b53e846a4829b260b0cf319657e59664d
[DEBUG] | search.py:17 | 909ce98fb3e4ae9139f99962834b3da32b78bc
[DEBUG] | search.py:17 | 38012838c3267997c37c337de0aaa53b49e3ff
[DEBUG] | search.py:17 | 9e225d1396e7226b35a1fa87ef615b9e199eba
[DEBUG] | search.py:17 | b4c4ab5f23e2043bdac3080873838ef3046243
[DEBUG] | search.py:17 | e4980113ca97e51eb84c47aa9e5d124700b0c1
[DEBUG] | search.py:17 | bd929103d99e406d48b35dfbd7af360e14d5b9
[DEBUG] | search.py:17 | 6db70cb0f0913eff426961f60062432d034e07
[DEBUG] | search.py:17 | e6868fa17de1898a493abfd6726f79a07f320c
[DEBUG] | search.py:17 | 783bf814608b18f4faf9c62cc94661cf4dc897
[DEBUG] | search.py:17 | b3d1c23b08949ecb045e6065bb00e0a78df74a
[DEBUG] | search.py:17 | f2c6f767990d342aa00737f67c5df3509b6b00
[DEBUG] | search.py:17 | 6d7ab23979b791977e085b7de0e4ed6425b0a0
[DEBUG] | search.py:17 | 371934df9a0548b46c04bb01656996fa87a126
[DEBUG] | search.py:17 | e69febe07ed559dad015744ec1bdbbe49800dc
[DEBUG] | search.py:17 | 6862d0e1e27bd155969e36e127a50afc9bc799
[DEBUG] | search.py:17 | 3228003fdd229cb0a6052176340d956c2a1419
[DEBUG] | search.py:17 | e44a053fec932d3bb0abe6a705f7bae8ae77cf
[DEBUG] | search.py:17 | c8b9265826a2a5e703039d2746088d3a88e465
[DEBUG] | search.py:17 | 87412a63153f0a5bcb412c7c25bbf3d324e2b2
[DEBUG] | search.py:17 | 0e1f9a42f4a1a9d03f4beebc62133cac35bc06
[DEBUG] | search.py:17 | 5d07b70af012c43297fc072b9e3c1a641b56a5
[DEBUG] | search.py:17 | f25accc3adc5f326b28088f47b1d8a95568035
[DEBUG] | search.py:17 | 4daafcc7869e3209359e92c8d6353ddf469fce
[DEBUG] | search.py:17 | 738cec5f7faa41bbed4071ce1fc997a4509649
[DEBUG] | search.py:17 | cee008eee3e507d1a8bac787a106c1d6eba626
[DEBUG] | search.py:17 | 95e4f8433d8ac453806e2d606ba60a9909a5d8
[DEBUG] | search.py:17 | 32e8d62a113fe1982a30b6e889273a031bc0e5
[DEBUG] | search.py:17 | 80bcae0547e2c84d550e377f36152a203856c7
[DEBUG] | search.py:17 | e2cbfe8c7630a9b08d4f3f69bba73b288f7601
[DEBUG] | search.py:17 | 162f549b46f0a65450ea066c956b5a06de1b2a
[DEBUG] | search.py:17 | 916486bbd3455857ff61b22055273323baea72
[DEBUG] | search.py:17 | bbc28749c1472e38b3390bb3cf21e4690a007f
[DEBUG] | search.py:17 | heads
[DEBUG] | search.py:17 | remotes
[DEBUG] | search.py:17 | tags
[DEBUG] | search.py:17 | dev
[DEBUG] | search.py:17 | main
[DEBUG] | search.py:17 | origin
[DEBUG] | search.py:17 | dev
[DEBUG] | search.py:17 | gh-pages
[DEBUG] | search.py:17 | HEAD
[DEBUG] | search.py:17 | main
[DEBUG] | search.py:17 | v0.1.0
[DEBUG] | search.py:17 | 2023-03-03-archive-app.log
[DEBUG] | search.py:17 | config.json
[DEBUG] | search.py:17 | logo.png
[DEBUG] | search.py:17 | output.png
[DEBUG] | search.py:17 | title_logo.png
[DEBUG] | search.py:17 | output.py
[DEBUG] | search.py:17 | types_.py
[DEBUG] | search.py:17 | _common.py
[DEBUG] | search.py:17 | _data.py
[DEBUG] | search.py:17 | _enums.py
[DEBUG] | search.py:17 | _helper.py
[DEBUG] | search.py:17 | _logger.py
[DEBUG] | search.py:17 | _space.py
[DEBUG] | search.py:17 | _time.py
[DEBUG] | search.py:17 | __init__.py
[DEBUG] | search.py:17 | __pycache__
[DEBUG] | search.py:17 | output.cpython-311.pyc
[DEBUG] | search.py:17 | types_.cpython-311.pyc
[DEBUG] | search.py:17 | _common.cpython-311.pyc
[DEBUG] | search.py:17 | _data.cpython-311.pyc
[DEBUG] | search.py:17 | _enums.cpython-311.pyc
[DEBUG] | search.py:17 | _helper.cpython-311.pyc
[DEBUG] | search.py:17 | _logger.cpython-311.pyc
[DEBUG] | search.py:17 | _space.cpython-311.pyc
[DEBUG] | search.py:17 | _time.cpython-311.pyc
[DEBUG] | search.py:17 | __init__.cpython-311.pyc
[DEBUG] | search.py:17 | test.py
[DEBUG] | search.py:17 | commit.py
[DEBUG] | search.py:17 | setup.py
[DEBUG] | search.py:17 | output.py
[DEBUG] | search.py:17 | types_.py
[DEBUG] | search.py:17 | _common.py
[DEBUG] | search.py:17 | _data.py
[DEBUG] | search.py:17 | _enums.py
[DEBUG] | search.py:17 | _helper.py
[DEBUG] | search.py:17 | _logger.py
[DEBUG] | search.py:17 | _space.py
[DEBUG] | search.py:17 | _time.py
[DEBUG] | search.py:17 | __init__.py
[DEBUG] | search.py:17 | test.py
